<?xml version="1.0" encoding="UTF-8"?>
<testsuite xmlns:xsi="http://www.w3.org/2001/XMLSchema-instance" xsi:noNamespaceSchemaLocation="https://maven.apache.org/surefire/maven-surefire-plugin/xsd/surefire-test-report.xsd" name="utcluj.isp.curs.oop.BankAccountTest" time="0.031" tests="4" errors="0" skipped="0" failures="0">
  <properties>
[...]
</properties>
  <testcase name="testWithdrawInsufficientFunds" classname="utcluj.isp.curs.oop.BankAccountTest" time="0.001"/>
  <testcase name="testDisplayAccountInfo" classname="utcluj.isp.curs.oop.BankAccountTest" time="0.027"/>
  <testcase name="testWithdrawSufficientFunds" classname="utcluj.isp.curs.oop.BankAccountTest" time="0.001"/>
  <testcase name="testDeposit" classname="utcluj.isp.curs.oop.BankAccountTest" time="0.001"/>
</testsuite>